[entrypoint.sh] Starting Workload container at Tue Sep 16 22:24:14 UTC 2025
-rw-r--r-- 1 worker worker 33280 Sep 16 16:23 /app/Workload.dll
[entrypoint.sh] Valid DURATION_SEC: 3600
[entrypoint.sh] Valid BATCH_SIZE: 5000
[entrypoint.sh] Valid INFLUX_PORT: 8182
[entrypoint.sh] Valid POINTS: 10000000
[entrypoint.sh] Valid TIMESTAMP_SPAN_SEC: 3600
[entrypoint.sh] Valid PARALLEL_CLIENTS: 10
[entrypoint.sh] Valid SERIES_MULTIPLIER: 10
[entrypoint.sh] ENV VARS:
TAGS=site=lab,host=testnode
POINTS=10000000
INFLUXDB_ORG=my-org
INFLUXDB_ADMIN_PASSWORD=changeme
INFLUXDB_BUCKET=my-bucket
INFLUXDB_HTTP_BIND_ADDRESS=:8086
SCENARIO=large_ordered_diff_ts
MEASUREMENTS=cpu_temp,pressure,humidity
TIMESTAMP_SPAN_SEC=3600
REPORT_NAME=run
INFLUX_PORT=8182
INFLUX_BASE_IMAGE=influxdb:3-core
WORKLOAD_LOG_DIR=/logs/workload
SCENARIO_MATRIX_PATH=/app/config/scenario_matrix.yaml
INFLUX_ORG=my-org
INFLUXDB_ADMIN_USER=admin
INFLUXDB_RETENTION=0
INFLUX_TOKEN=apiv3_xp0-2jegswmf3plsfr71FudYytlqLgRDwNm7f_MSsrsIpQBctxUrQ1uflxL5WvO1Hm1UhQ2yNhPcEAU3mRLpZQ
PARALLEL_CLIENTS=10
INFLUXDB_3_ADMIN_TOKEN=admin-token
SERIES_MULTIPLIER=10
BATCH_SIZE=5000
DURATION_SEC=3600
INFLUX_HOST=proxy
[entrypoint.sh] Running: dotnet /app/Workload.dll /entrypoint.sh
[entrypoint.sh] Listing /logs/workload before workload execution:
total 96
-rw-r--r-- 1 worker worker  1293 Sep 16 22:24 entrypoint_debug.log
-rw-r--r-- 1 worker worker 25863 Sep 16 22:18 environment_variables.log
-rw-r--r-- 1 worker worker  2871 Sep 16 22:18 run.csv
-rw-r--r-- 1 worker worker 58487 Sep 16 22:18 workload_stdout.log
