ALL_PROXY=socks5://192.168.104.53:1080
APP_UID=1654
ASPNETCORE_HTTP_PORTS=8080
BATCH_SIZE=5000
DOTNET_RUNNING_IN_CONTAINER=true
DOTNET_SYSTEM_GLOBALIZATION_INVARIANT=1
DOTNET_VERSION=8.0.18
DURATION_SEC=10
HOME=/home/worker
HOSTNAME=b458dda27f5a
HTTPS_PROXY=
HTTP_PROXY=
INFLUXDB_3_ADMIN_TOKEN=admin-token
INFLUXDB_ADMIN_PASSWORD=changeme
INFLUXDB_ADMIN_USER=admin
INFLUXDB_BUCKET=my-bucket
INFLUXDB_HTTP_BIND_ADDRESS=:8086
INFLUXDB_ORG=my-org
INFLUXDB_RETENTION=0
INFLUX_BASE_IMAGE=influxdb:3-core
INFLUX_HOST=influxdb
INFLUX_ORG=my-org
INFLUX_PORT=8086
INFLUX_TOKEN=apiv3_xp0-2jegswmf3plsfr71FudYytlqLgRDwNm7f_MSsrsIpQBctxUrQ1uflxL5WvO1Hm1UhQ2yNhPcEAU3mRLpZQ
MEASUREMENTS=cpu_temp,pressure,humidity
NO_PROXY=
PARALLEL_CLIENTS=1
PATH=/usr/local/sbin:/usr/local/bin:/usr/sbin:/usr/bin:/sbin:/bin
POINTS=10000
PWD=/app
REPORT_NAME=run
SCENARIO=small_ordered_same_ts
SCENARIO_MATRIX_PATH=/app/config/scenario_matrix.yaml
SERIES_MULTIPLIER=1
SHLVL=0
TAGS=site=lab,host=testnode
TIMESTAMP_SPAN_SEC=0
WORKLOAD_LOG_DIR=/logs/workload
all_proxy=socks5://192.168.104.53:1080
http_proxy=socks5://192.168.104.53:1080
https_proxy=socks5://192.168.104.53:1080
no_proxy=localhost,127.0.0.1
ALL_PROXY=socks5://192.168.104.53:1080
APP_UID=1654
ASPNETCORE_HTTP_PORTS=8080
BATCH_SIZE=5000
DOTNET_RUNNING_IN_CONTAINER=true
DOTNET_SYSTEM_GLOBALIZATION_INVARIANT=1
DOTNET_VERSION=8.0.18
DURATION_SEC=10
HOME=/home/worker
HOSTNAME=8d495bfbbaf8
HTTPS_PROXY=
HTTP_PROXY=
INFLUXDB_3_ADMIN_TOKEN=admin-token
INFLUXDB_ADMIN_PASSWORD=changeme
INFLUXDB_ADMIN_USER=admin
INFLUXDB_BUCKET=my-bucket
INFLUXDB_HTTP_BIND_ADDRESS=:8086
INFLUXDB_ORG=my-org
INFLUXDB_RETENTION=0
INFLUX_BASE_IMAGE=influxdb:3-core
INFLUX_HOST=influxdb
INFLUX_ORG=my-org
INFLUX_PORT=8086
INFLUX_TOKEN=apiv3_xp0-2jegswmf3plsfr71FudYytlqLgRDwNm7f_MSsrsIpQBctxUrQ1uflxL5WvO1Hm1UhQ2yNhPcEAU3mRLpZQ
MEASUREMENTS=cpu_temp,pressure,humidity
NO_PROXY=influxdb,127.0.0.1,localhost
PARALLEL_CLIENTS=1
PATH=/usr/local/sbin:/usr/local/bin:/usr/sbin:/usr/bin:/sbin:/bin
POINTS=10000
PWD=/app
REPORT_NAME=run
SCENARIO=small_ordered_same_ts
SCENARIO_MATRIX_PATH=/app/config/scenario_matrix.yaml
SERIES_MULTIPLIER=1
SHLVL=0
TAGS=site=lab,host=testnode
TIMESTAMP_SPAN_SEC=0
WORKLOAD_LOG_DIR=/logs/workload
all_proxy=socks5://192.168.104.53:1080
http_proxy=socks5://192.168.104.53:1080
https_proxy=socks5://192.168.104.53:1080
no_proxy=localhost,127.0.0.1
ALL_PROXY=socks5://192.168.104.53:1080
APP_UID=1654
ASPNETCORE_HTTP_PORTS=8080
BATCH_SIZE=5000
DOTNET_RUNNING_IN_CONTAINER=true
DOTNET_SYSTEM_GLOBALIZATION_INVARIANT=1
DOTNET_VERSION=8.0.18
DURATION_SEC=10
HOME=/home/worker
HOSTNAME=9552b1a2b088
HTTPS_PROXY=socks5://192.168.104.53:1080
HTTP_PROXY=socks5://192.168.104.53:1080
INFLUXDB_3_ADMIN_TOKEN=admin-token
INFLUXDB_ADMIN_PASSWORD=changeme
INFLUXDB_ADMIN_USER=admin
INFLUXDB_BUCKET=my-bucket
INFLUXDB_HTTP_BIND_ADDRESS=:8086
INFLUXDB_ORG=my-org
INFLUXDB_RETENTION=0
INFLUX_BASE_IMAGE=influxdb:3-core
INFLUX_HOST=influxdb
INFLUX_ORG=my-org
INFLUX_PORT=8086
INFLUX_TOKEN=apiv3_xp0-2jegswmf3plsfr71FudYytlqLgRDwNm7f_MSsrsIpQBctxUrQ1uflxL5WvO1Hm1UhQ2yNhPcEAU3mRLpZQ
MEASUREMENTS=cpu_temp,pressure,humidity
NO_PROXY=localhost,127.0.0.1
PARALLEL_CLIENTS=1
PATH=/usr/local/sbin:/usr/local/bin:/usr/sbin:/usr/bin:/sbin:/bin
POINTS=10000
PWD=/app
REPORT_NAME=run
SCENARIO=small_ordered_same_ts
SCENARIO_MATRIX_PATH=/app/config/scenario_matrix.yaml
SERIES_MULTIPLIER=1
SHLVL=0
TAGS=site=lab,host=testnode
TIMESTAMP_SPAN_SEC=0
WORKLOAD_LOG_DIR=/logs/workload
all_proxy=socks5://192.168.104.53:1080
http_proxy=socks5://192.168.104.53:1080
https_proxy=socks5://192.168.104.53:1080
no_proxy=localhost,127.0.0.1
ALL_PROXY=socks5://192.168.104.53:1080
APP_UID=1654
ASPNETCORE_HTTP_PORTS=8080
BATCH_SIZE=5000
DOTNET_RUNNING_IN_CONTAINER=true
DOTNET_SYSTEM_GLOBALIZATION_INVARIANT=1
DOTNET_VERSION=8.0.18
DURATION_SEC=10
HOME=/home/worker
HOSTNAME=7a2498e57c7a
HTTPS_PROXY=socks5://192.168.104.53:1080
HTTP_PROXY=socks5://192.168.104.53:1080
INFLUXDB_3_ADMIN_TOKEN=admin-token
INFLUXDB_ADMIN_PASSWORD=changeme
INFLUXDB_ADMIN_USER=admin
INFLUXDB_BUCKET=my-bucket
INFLUXDB_HTTP_BIND_ADDRESS=:8086
INFLUXDB_ORG=my-org
INFLUXDB_RETENTION=0
INFLUX_BASE_IMAGE=influxdb:3-core
INFLUX_HOST=influxdb
INFLUX_ORG=my-org
INFLUX_PORT=8086
INFLUX_TOKEN=apiv3_xp0-2jegswmf3plsfr71FudYytlqLgRDwNm7f_MSsrsIpQBctxUrQ1uflxL5WvO1Hm1UhQ2yNhPcEAU3mRLpZQ
MEASUREMENTS=cpu_temp,pressure,humidity
NO_PROXY=localhost,127.0.0.1
PARALLEL_CLIENTS=1
PATH=/usr/local/sbin:/usr/local/bin:/usr/sbin:/usr/bin:/sbin:/bin
POINTS=10000
PWD=/app
REPORT_NAME=run
SCENARIO=small_ordered_same_ts
SCENARIO_MATRIX_PATH=/app/config/scenario_matrix.yaml
SERIES_MULTIPLIER=1
SHLVL=0
TAGS=site=lab,host=testnode
TIMESTAMP_SPAN_SEC=0
WORKLOAD_LOG_DIR=/logs/workload
all_proxy=socks5://192.168.104.53:1080
http_proxy=socks5://192.168.104.53:1080
https_proxy=socks5://192.168.104.53:1080
no_proxy=localhost,127.0.0.1
ALL_PROXY=socks5://192.168.104.53:1080
APP_UID=1654
ASPNETCORE_HTTP_PORTS=8080
BATCH_SIZE=5000
DOTNET_RUNNING_IN_CONTAINER=true
DOTNET_SYSTEM_GLOBALIZATION_INVARIANT=1
DOTNET_VERSION=8.0.18
DURATION_SEC=10
HOME=/home/worker
HOSTNAME=c5d653be14f1
HTTPS_PROXY=socks5://192.168.104.53:1080
HTTP_PROXY=socks5://192.168.104.53:1080
INFLUXDB_3_ADMIN_TOKEN=admin-token
INFLUXDB_ADMIN_PASSWORD=changeme
INFLUXDB_ADMIN_USER=admin
INFLUXDB_BUCKET=my-bucket
INFLUXDB_HTTP_BIND_ADDRESS=:8086
INFLUXDB_ORG=my-org
INFLUXDB_RETENTION=0
INFLUX_BASE_IMAGE=influxdb:3-core
INFLUX_HOST=influxdb
INFLUX_ORG=my-org
INFLUX_PORT=8181
INFLUX_TOKEN=apiv3_xp0-2jegswmf3plsfr71FudYytlqLgRDwNm7f_MSsrsIpQBctxUrQ1uflxL5WvO1Hm1UhQ2yNhPcEAU3mRLpZQ
MEASUREMENTS=cpu_temp,pressure,humidity
NO_PROXY=localhost,127.0.0.1
PARALLEL_CLIENTS=1
PATH=/usr/local/sbin:/usr/local/bin:/usr/sbin:/usr/bin:/sbin:/bin
POINTS=10000
PWD=/app
REPORT_NAME=run
SCENARIO=small_ordered_same_ts
SCENARIO_MATRIX_PATH=/app/config/scenario_matrix.yaml
SERIES_MULTIPLIER=1
SHLVL=0
TAGS=site=lab,host=testnode
TIMESTAMP_SPAN_SEC=0
WORKLOAD_LOG_DIR=/logs/workload
all_proxy=socks5://192.168.104.53:1080
http_proxy=socks5://192.168.104.53:1080
https_proxy=socks5://192.168.104.53:1080
no_proxy=localhost,127.0.0.1
ALL_PROXY=socks5://192.168.104.53:1080
APP_UID=1654
ASPNETCORE_HTTP_PORTS=8080
BATCH_SIZE=5000
DOTNET_RUNNING_IN_CONTAINER=true
DOTNET_SYSTEM_GLOBALIZATION_INVARIANT=1
DOTNET_VERSION=8.0.18
DURATION_SEC=10
HOME=/home/worker
HOSTNAME=93a09fb23b3b
HTTPS_PROXY=socks5://192.168.104.53:1080
HTTP_PROXY=socks5://192.168.104.53:1080
INFLUXDB_3_ADMIN_TOKEN=admin-token
INFLUXDB_ADMIN_PASSWORD=changeme
INFLUXDB_ADMIN_USER=admin
INFLUXDB_BUCKET=my-bucket
INFLUXDB_HTTP_BIND_ADDRESS=:8086
INFLUXDB_ORG=my-org
INFLUXDB_RETENTION=0
INFLUX_BASE_IMAGE=influxdb:3-core
INFLUX_HOST=influxdb
INFLUX_ORG=my-org
INFLUX_PORT=8181
INFLUX_TOKEN=apiv3_xp0-2jegswmf3plsfr71FudYytlqLgRDwNm7f_MSsrsIpQBctxUrQ1uflxL5WvO1Hm1UhQ2yNhPcEAU3mRLpZQ
MEASUREMENTS=cpu_temp,pressure,humidity
NO_PROXY=localhost,127.0.0.1
PARALLEL_CLIENTS=1
PATH=/usr/local/sbin:/usr/local/bin:/usr/sbin:/usr/bin:/sbin:/bin
POINTS=10000
PWD=/app
REPORT_NAME=run
SCENARIO=small_ordered_same_ts
SCENARIO_MATRIX_PATH=/app/config/scenario_matrix.yaml
SERIES_MULTIPLIER=1
SHLVL=0
TAGS=site=lab,host=testnode
TIMESTAMP_SPAN_SEC=0
WORKLOAD_LOG_DIR=/logs/workload
all_proxy=socks5://192.168.104.53:1080
http_proxy=socks5://192.168.104.53:1080
https_proxy=socks5://192.168.104.53:1080
no_proxy=localhost,127.0.0.1
ALL_PROXY=socks5://192.168.104.53:1080
APP_UID=1654
ASPNETCORE_HTTP_PORTS=8080
BATCH_SIZE=5000
DOTNET_RUNNING_IN_CONTAINER=true
DOTNET_SYSTEM_GLOBALIZATION_INVARIANT=1
DOTNET_VERSION=8.0.18
DURATION_SEC=10
HOME=/home/worker
HOSTNAME=c2157b44faf5
HTTPS_PROXY=
HTTP_PROXY=
INFLUXDB_3_ADMIN_TOKEN=admin-token
INFLUXDB_ADMIN_PASSWORD=changeme
INFLUXDB_ADMIN_USER=admin
INFLUXDB_BUCKET=my-bucket
INFLUXDB_HTTP_BIND_ADDRESS=:8086
INFLUXDB_ORG=my-org
INFLUXDB_RETENTION=0
INFLUX_BASE_IMAGE=influxdb:3-core
INFLUX_HOST=influxdb
INFLUX_ORG=my-org
INFLUX_PORT=8181
INFLUX_TOKEN=apiv3_xp0-2jegswmf3plsfr71FudYytlqLgRDwNm7f_MSsrsIpQBctxUrQ1uflxL5WvO1Hm1UhQ2yNhPcEAU3mRLpZQ
MEASUREMENTS=cpu_temp,pressure,humidity
NO_PROXY=localhost,127.0.0.1,influxdb
PARALLEL_CLIENTS=1
PATH=/usr/local/sbin:/usr/local/bin:/usr/sbin:/usr/bin:/sbin:/bin
POINTS=10000
PWD=/app
REPORT_NAME=run
SCENARIO=small_ordered_same_ts
SCENARIO_MATRIX_PATH=/app/config/scenario_matrix.yaml
SERIES_MULTIPLIER=1
SHLVL=0
TAGS=site=lab,host=testnode
TIMESTAMP_SPAN_SEC=0
WORKLOAD_LOG_DIR=/logs/workload
all_proxy=socks5://192.168.104.53:1080
http_proxy=socks5://192.168.104.53:1080
https_proxy=socks5://192.168.104.53:1080
no_proxy=localhost,127.0.0.1
APP_UID=1654
ASPNETCORE_HTTP_PORTS=8080
BATCH_SIZE=5000
DOTNET_RUNNING_IN_CONTAINER=true
DOTNET_SYSTEM_GLOBALIZATION_INVARIANT=1
DOTNET_VERSION=8.0.18
DURATION_SEC=10
HOME=/home/worker
HOSTNAME=c97ab420098c
INFLUXDB_3_ADMIN_TOKEN=admin-token
INFLUXDB_ADMIN_PASSWORD=changeme
INFLUXDB_ADMIN_USER=admin
INFLUXDB_BUCKET=my-bucket
INFLUXDB_HTTP_BIND_ADDRESS=:8086
INFLUXDB_ORG=my-org
INFLUXDB_RETENTION=0
INFLUX_BASE_IMAGE=influxdb:3-core
INFLUX_HOST=influxdb
INFLUX_ORG=my-org
INFLUX_PORT=8181
INFLUX_TOKEN=apiv3_xp0-2jegswmf3plsfr71FudYytlqLgRDwNm7f_MSsrsIpQBctxUrQ1uflxL5WvO1Hm1UhQ2yNhPcEAU3mRLpZQ
MEASUREMENTS=cpu_temp,pressure,humidity
PARALLEL_CLIENTS=1
PATH=/usr/local/sbin:/usr/local/bin:/usr/sbin:/usr/bin:/sbin:/bin
POINTS=10000
PWD=/app
REPORT_NAME=run
SCENARIO=small_ordered_same_ts
SCENARIO_MATRIX_PATH=/app/config/scenario_matrix.yaml
SERIES_MULTIPLIER=1
SHLVL=0
TAGS=site=lab,host=testnode
TIMESTAMP_SPAN_SEC=0
WORKLOAD_LOG_DIR=/logs/workload
APP_UID=1654
ASPNETCORE_HTTP_PORTS=8080
BATCH_SIZE=5000
DOTNET_RUNNING_IN_CONTAINER=true
DOTNET_SYSTEM_GLOBALIZATION_INVARIANT=1
DOTNET_VERSION=8.0.18
DURATION_SEC=10
HOME=/home/worker
HOSTNAME=f9dd645c6e54
INFLUXDB_3_ADMIN_TOKEN=admin-token
INFLUXDB_ADMIN_PASSWORD=changeme
INFLUXDB_ADMIN_USER=admin
INFLUXDB_BUCKET=my-bucket
INFLUXDB_HTTP_BIND_ADDRESS=:8086
INFLUXDB_ORG=my-org
INFLUXDB_RETENTION=0
INFLUX_BASE_IMAGE=influxdb:3-core
INFLUX_HOST=influxdb
INFLUX_ORG=my-org
INFLUX_PORT=8181
INFLUX_TOKEN=apiv3_xp0-2jegswmf3plsfr71FudYytlqLgRDwNm7f_MSsrsIpQBctxUrQ1uflxL5WvO1Hm1UhQ2yNhPcEAU3mRLpZQ
MEASUREMENTS=cpu_temp,pressure,humidity
PARALLEL_CLIENTS=1
PATH=/usr/local/sbin:/usr/local/bin:/usr/sbin:/usr/bin:/sbin:/bin
POINTS=10000
PWD=/app
REPORT_NAME=run
SCENARIO=small_ordered_same_ts
SCENARIO_MATRIX_PATH=/app/config/scenario_matrix.yaml
SERIES_MULTIPLIER=1
SHLVL=0
TAGS=site=lab,host=testnode
TIMESTAMP_SPAN_SEC=0
WORKLOAD_LOG_DIR=/logs/workload
APP_UID=1654
ASPNETCORE_HTTP_PORTS=8080
BATCH_SIZE=5000
DOTNET_RUNNING_IN_CONTAINER=true
DOTNET_SYSTEM_GLOBALIZATION_INVARIANT=1
DOTNET_VERSION=8.0.18
DURATION_SEC=10
HOME=/home/worker
HOSTNAME=7b99019d87f8
INFLUXDB_3_ADMIN_TOKEN=admin-token
INFLUXDB_ADMIN_PASSWORD=changeme
INFLUXDB_ADMIN_USER=admin
INFLUXDB_BUCKET=my-bucket
INFLUXDB_HTTP_BIND_ADDRESS=:8086
INFLUXDB_ORG=my-org
INFLUXDB_RETENTION=0
INFLUX_BASE_IMAGE=influxdb:3-core
INFLUX_HOST=influxdb
INFLUX_ORG=my-org
INFLUX_PORT=8181
INFLUX_TOKEN=apiv3_xp0-2jegswmf3plsfr71FudYytlqLgRDwNm7f_MSsrsIpQBctxUrQ1uflxL5WvO1Hm1UhQ2yNhPcEAU3mRLpZQ
MEASUREMENTS=cpu_temp,pressure,humidity
PARALLEL_CLIENTS=1
PATH=/usr/local/sbin:/usr/local/bin:/usr/sbin:/usr/bin:/sbin:/bin
POINTS=10000
PWD=/app
REPORT_NAME=run
SCENARIO=small_ordered_same_ts
SCENARIO_MATRIX_PATH=/app/config/scenario_matrix.yaml
SERIES_MULTIPLIER=1
SHLVL=0
TAGS=site=lab,host=testnode
TIMESTAMP_SPAN_SEC=0
WORKLOAD_LOG_DIR=/logs/workload
APP_UID=1654
ASPNETCORE_HTTP_PORTS=8080
BATCH_SIZE=5000
DOTNET_RUNNING_IN_CONTAINER=true
DOTNET_SYSTEM_GLOBALIZATION_INVARIANT=1
DOTNET_VERSION=8.0.18
DURATION_SEC=10
HOME=/home/worker
HOSTNAME=921c964f1c78
INFLUXDB_3_ADMIN_TOKEN=admin-token
INFLUXDB_ADMIN_PASSWORD=changeme
INFLUXDB_ADMIN_USER=admin
INFLUXDB_BUCKET=my-bucket
INFLUXDB_HTTP_BIND_ADDRESS=:8086
INFLUXDB_ORG=my-org
INFLUXDB_RETENTION=0
INFLUX_BASE_IMAGE=influxdb:3-core
INFLUX_HOST=influxdb
INFLUX_ORG=my-org
INFLUX_PORT=8181
INFLUX_TOKEN=apiv3_xp0-2jegswmf3plsfr71FudYytlqLgRDwNm7f_MSsrsIpQBctxUrQ1uflxL5WvO1Hm1UhQ2yNhPcEAU3mRLpZQ
MEASUREMENTS=cpu_temp,pressure,humidity
PARALLEL_CLIENTS=1
PATH=/usr/local/sbin:/usr/local/bin:/usr/sbin:/usr/bin:/sbin:/bin
POINTS=10000
PWD=/app
REPORT_NAME=run
SCENARIO=large_ordered_diff_ts
SCENARIO_MATRIX_PATH=/app/config/scenario_matrix.yaml
SERIES_MULTIPLIER=1
SHLVL=0
TAGS=site=lab,host=testnode
TIMESTAMP_SPAN_SEC=0
WORKLOAD_LOG_DIR=/logs/workload
APP_UID=1654
ASPNETCORE_HTTP_PORTS=8080
BATCH_SIZE=5000
DOTNET_RUNNING_IN_CONTAINER=true
DOTNET_SYSTEM_GLOBALIZATION_INVARIANT=1
DOTNET_VERSION=8.0.18
DURATION_SEC=10
HOME=/home/worker
HOSTNAME=f6cfeb1c94ac
INFLUXDB_3_ADMIN_TOKEN=admin-token
INFLUXDB_ADMIN_PASSWORD=changeme
INFLUXDB_ADMIN_USER=admin
INFLUXDB_BUCKET=my-bucket
INFLUXDB_HTTP_BIND_ADDRESS=:8086
INFLUXDB_ORG=my-org
INFLUXDB_RETENTION=0
INFLUX_BASE_IMAGE=influxdb:3-core
INFLUX_HOST=influxdb
INFLUX_ORG=my-org
INFLUX_PORT=8181
INFLUX_TOKEN=apiv3_xp0-2jegswmf3plsfr71FudYytlqLgRDwNm7f_MSsrsIpQBctxUrQ1uflxL5WvO1Hm1UhQ2yNhPcEAU3mRLpZQ
MEASUREMENTS=cpu_temp,pressure,humidity
PARALLEL_CLIENTS=1
PATH=/usr/local/sbin:/usr/local/bin:/usr/sbin:/usr/bin:/sbin:/bin
POINTS=10000
PWD=/app
REPORT_NAME=run
SCENARIO=small_ordered_same_ts
SCENARIO_MATRIX_PATH=/app/config/scenario_matrix.yaml
SERIES_MULTIPLIER=1
SHLVL=0
TAGS=site=lab,host=testnode
TIMESTAMP_SPAN_SEC=0
WORKLOAD_LOG_DIR=/logs/workload
APP_UID=1654
ASPNETCORE_HTTP_PORTS=8080
BATCH_SIZE=5000
DOTNET_RUNNING_IN_CONTAINER=true
DOTNET_SYSTEM_GLOBALIZATION_INVARIANT=1
DOTNET_VERSION=8.0.18
DURATION_SEC=10
HOME=/home/worker
HOSTNAME=ca0555e74c3d
INFLUXDB_3_ADMIN_TOKEN=admin-token
INFLUXDB_ADMIN_PASSWORD=changeme
INFLUXDB_ADMIN_USER=admin
INFLUXDB_BUCKET=my-bucket
INFLUXDB_HTTP_BIND_ADDRESS=:8086
INFLUXDB_ORG=my-org
INFLUXDB_RETENTION=0
INFLUX_BASE_IMAGE=influxdb:3-core
INFLUX_HOST=influxdb
INFLUX_ORG=my-org
INFLUX_PORT=8181
INFLUX_TOKEN=apiv3_xp0-2jegswmf3plsfr71FudYytlqLgRDwNm7f_MSsrsIpQBctxUrQ1uflxL5WvO1Hm1UhQ2yNhPcEAU3mRLpZQ
MEASUREMENTS=cpu_temp,pressure,humidity
PARALLEL_CLIENTS=1
PATH=/usr/local/sbin:/usr/local/bin:/usr/sbin:/usr/bin:/sbin:/bin
POINTS=10000
PWD=/app
REPORT_NAME=run
SCENARIO=large_ordered_diff_ts
SCENARIO_MATRIX_PATH=/app/config/scenario_matrix.yaml
SERIES_MULTIPLIER=1
SHLVL=0
TAGS=site=lab,host=testnode
TIMESTAMP_SPAN_SEC=0
WORKLOAD_LOG_DIR=/logs/workload
APP_UID=1654
ASPNETCORE_HTTP_PORTS=8080
BATCH_SIZE=5000
DOTNET_RUNNING_IN_CONTAINER=true
DOTNET_SYSTEM_GLOBALIZATION_INVARIANT=1
DOTNET_VERSION=8.0.18
DURATION_SEC=3600
HOME=/home/worker
HOSTNAME=a4a2ce2d0693
INFLUXDB_3_ADMIN_TOKEN=admin-token
INFLUXDB_ADMIN_PASSWORD=changeme
INFLUXDB_ADMIN_USER=admin
INFLUXDB_BUCKET=my-bucket
INFLUXDB_HTTP_BIND_ADDRESS=:8086
INFLUXDB_ORG=my-org
INFLUXDB_RETENTION=0
INFLUX_BASE_IMAGE=influxdb:3-core
INFLUX_HOST=influxdb
INFLUX_ORG=my-org
INFLUX_PORT=8181
INFLUX_TOKEN=apiv3_xp0-2jegswmf3plsfr71FudYytlqLgRDwNm7f_MSsrsIpQBctxUrQ1uflxL5WvO1Hm1UhQ2yNhPcEAU3mRLpZQ
MEASUREMENTS=cpu_temp,pressure,humidity
PARALLEL_CLIENTS=10
PATH=/usr/local/sbin:/usr/local/bin:/usr/sbin:/usr/bin:/sbin:/bin
POINTS=10000000
PWD=/app
REPORT_NAME=run
SCENARIO=large_ordered_diff_ts
SCENARIO_MATRIX_PATH=/app/config/scenario_matrix.yaml
SERIES_MULTIPLIER=10
SHLVL=0
TAGS=site=lab,host=testnode
TIMESTAMP_SPAN_SEC=3600
WORKLOAD_LOG_DIR=/logs/workload
APP_UID=1654
ASPNETCORE_HTTP_PORTS=8080
BATCH_SIZE=5000
DOTNET_RUNNING_IN_CONTAINER=true
DOTNET_SYSTEM_GLOBALIZATION_INVARIANT=1
DOTNET_VERSION=8.0.18
DURATION_SEC=3600
HOME=/home/worker
HOSTNAME=c63152d4e8cd
INFLUXDB_3_ADMIN_TOKEN=admin-token
INFLUXDB_ADMIN_PASSWORD=changeme
INFLUXDB_ADMIN_USER=admin
INFLUXDB_BUCKET=my-bucket
INFLUXDB_HTTP_BIND_ADDRESS=:8086
INFLUXDB_ORG=my-org
INFLUXDB_RETENTION=0
INFLUX_BASE_IMAGE=influxdb:3-core
INFLUX_HOST=influxdb
INFLUX_ORG=my-org
INFLUX_PORT=8181
INFLUX_TOKEN=apiv3_xp0-2jegswmf3plsfr71FudYytlqLgRDwNm7f_MSsrsIpQBctxUrQ1uflxL5WvO1Hm1UhQ2yNhPcEAU3mRLpZQ
MEASUREMENTS=cpu_temp,pressure,humidity
PARALLEL_CLIENTS=10
PATH=/usr/local/sbin:/usr/local/bin:/usr/sbin:/usr/bin:/sbin:/bin
POINTS=10000000
PWD=/app
REPORT_NAME=run
SCENARIO=large_ordered_diff_ts
SCENARIO_MATRIX_PATH=/app/config/scenario_matrix.yaml
SERIES_MULTIPLIER=10
SHLVL=0
TAGS=site=lab,host=testnode
TIMESTAMP_SPAN_SEC=3600
WORKLOAD_LOG_DIR=/logs/workload
APP_UID=1654
ASPNETCORE_HTTP_PORTS=8080
BATCH_SIZE=5000
DOTNET_RUNNING_IN_CONTAINER=true
DOTNET_SYSTEM_GLOBALIZATION_INVARIANT=1
DOTNET_VERSION=8.0.18
DURATION_SEC=3600
HOME=/home/worker
HOSTNAME=18ba95854eb3
INFLUXDB_3_ADMIN_TOKEN=admin-token
INFLUXDB_ADMIN_PASSWORD=changeme
INFLUXDB_ADMIN_USER=admin
INFLUXDB_BUCKET=my-bucket
INFLUXDB_HTTP_BIND_ADDRESS=:8086
INFLUXDB_ORG=my-org
INFLUXDB_RETENTION=0
INFLUX_BASE_IMAGE=influxdb:3-core
INFLUX_HOST=influxdb
INFLUX_ORG=my-org
INFLUX_PORT=8181
INFLUX_TOKEN=apiv3_xp0-2jegswmf3plsfr71FudYytlqLgRDwNm7f_MSsrsIpQBctxUrQ1uflxL5WvO1Hm1UhQ2yNhPcEAU3mRLpZQ
MEASUREMENTS=cpu_temp,pressure,humidity
PARALLEL_CLIENTS=10
PATH=/usr/local/sbin:/usr/local/bin:/usr/sbin:/usr/bin:/sbin:/bin
POINTS=10000000
PWD=/app
REPORT_NAME=run
SCENARIO=large_ordered_diff_ts
SCENARIO_MATRIX_PATH=/app/config/scenario_matrix.yaml
SERIES_MULTIPLIER=10
SHLVL=0
TAGS=site=lab,host=testnode
TIMESTAMP_SPAN_SEC=3600
WORKLOAD_LOG_DIR=/logs/workload
APP_UID=1654
ASPNETCORE_HTTP_PORTS=8080
BATCH_SIZE=5000
DOTNET_RUNNING_IN_CONTAINER=true
DOTNET_SYSTEM_GLOBALIZATION_INVARIANT=1
DOTNET_VERSION=8.0.18
DURATION_SEC=3600
HOME=/home/worker
HOSTNAME=6e63330d5de4
INFLUXDB_3_ADMIN_TOKEN=admin-token
INFLUXDB_ADMIN_PASSWORD=changeme
INFLUXDB_ADMIN_USER=admin
INFLUXDB_BUCKET=my-bucket
INFLUXDB_HTTP_BIND_ADDRESS=:8086
INFLUXDB_ORG=my-org
INFLUXDB_RETENTION=0
INFLUX_BASE_IMAGE=influxdb:3-core
INFLUX_HOST=influxdb
INFLUX_ORG=my-org
INFLUX_PORT=8181
INFLUX_TOKEN=apiv3_xp0-2jegswmf3plsfr71FudYytlqLgRDwNm7f_MSsrsIpQBctxUrQ1uflxL5WvO1Hm1UhQ2yNhPcEAU3mRLpZQ
MEASUREMENTS=cpu_temp,pressure,humidity
PARALLEL_CLIENTS=10
PATH=/usr/local/sbin:/usr/local/bin:/usr/sbin:/usr/bin:/sbin:/bin
POINTS=10000
PWD=/app
REPORT_NAME=run
SCENARIO=small_ordered_same_ts
SCENARIO_MATRIX_PATH=/app/config/scenario_matrix.yaml
SERIES_MULTIPLIER=10
SHLVL=0
TAGS=site=lab,host=testnode
TIMESTAMP_SPAN_SEC=3600
WORKLOAD_LOG_DIR=/logs/workload
APP_UID=1654
ASPNETCORE_HTTP_PORTS=8080
BATCH_SIZE=5000
DOTNET_RUNNING_IN_CONTAINER=true
DOTNET_SYSTEM_GLOBALIZATION_INVARIANT=1
DOTNET_VERSION=8.0.18
DURATION_SEC=3600
HOME=/home/worker
HOSTNAME=bf17796da6ea
INFLUXDB_3_ADMIN_TOKEN=admin-token
INFLUXDB_ADMIN_PASSWORD=changeme
INFLUXDB_ADMIN_USER=admin
INFLUXDB_BUCKET=my-bucket
INFLUXDB_HTTP_BIND_ADDRESS=:8086
INFLUXDB_ORG=my-org
INFLUXDB_RETENTION=0
INFLUX_BASE_IMAGE=influxdb:3-core
INFLUX_HOST=influxdb
INFLUX_ORG=my-org
INFLUX_PORT=8181
INFLUX_TOKEN=apiv3_xp0-2jegswmf3plsfr71FudYytlqLgRDwNm7f_MSsrsIpQBctxUrQ1uflxL5WvO1Hm1UhQ2yNhPcEAU3mRLpZQ
MEASUREMENTS=cpu_temp,pressure,humidity
PARALLEL_CLIENTS=10
PATH=/usr/local/sbin:/usr/local/bin:/usr/sbin:/usr/bin:/sbin:/bin
POINTS=10000
PWD=/app
REPORT_NAME=run
SCENARIO=small_ordered_same_ts
SCENARIO_MATRIX_PATH=/app/config/scenario_matrix.yaml
SERIES_MULTIPLIER=10
SHLVL=0
TAGS=site=lab,host=testnode
TIMESTAMP_SPAN_SEC=3600
WORKLOAD_LOG_DIR=/logs/workload
APP_UID=1654
ASPNETCORE_HTTP_PORTS=8080
BATCH_SIZE=5000
DOTNET_RUNNING_IN_CONTAINER=true
DOTNET_SYSTEM_GLOBALIZATION_INVARIANT=1
DOTNET_VERSION=8.0.18
DURATION_SEC=3600
HOME=/home/worker
HOSTNAME=d32922627573
INFLUXDB_3_ADMIN_TOKEN=admin-token
INFLUXDB_ADMIN_PASSWORD=changeme
INFLUXDB_ADMIN_USER=admin
INFLUXDB_BUCKET=my-bucket
INFLUXDB_HTTP_BIND_ADDRESS=:8086
INFLUXDB_ORG=my-org
INFLUXDB_RETENTION=0
INFLUX_BASE_IMAGE=influxdb:3-core
INFLUX_HOST=influxdb
INFLUX_ORG=my-org
INFLUX_PORT=8181
INFLUX_TOKEN=apiv3_xp0-2jegswmf3plsfr71FudYytlqLgRDwNm7f_MSsrsIpQBctxUrQ1uflxL5WvO1Hm1UhQ2yNhPcEAU3mRLpZQ
MEASUREMENTS=cpu_temp,pressure,humidity
PARALLEL_CLIENTS=10
PATH=/usr/local/sbin:/usr/local/bin:/usr/sbin:/usr/bin:/sbin:/bin
POINTS=10000000
PWD=/app
REPORT_NAME=run
SCENARIO=large_ordered_diff_ts
SCENARIO_MATRIX_PATH=/app/config/scenario_matrix.yaml
SERIES_MULTIPLIER=10
SHLVL=0
TAGS=site=lab,host=testnode
TIMESTAMP_SPAN_SEC=3600
WORKLOAD_LOG_DIR=/logs/workload
APP_UID=1654
ASPNETCORE_HTTP_PORTS=8080
BATCH_SIZE=5000
DOTNET_RUNNING_IN_CONTAINER=true
DOTNET_SYSTEM_GLOBALIZATION_INVARIANT=1
DOTNET_VERSION=8.0.18
DURATION_SEC=3600
HOME=/home/worker
HOSTNAME=1f86d7247b70
INFLUXDB_3_ADMIN_TOKEN=admin-token
INFLUXDB_ADMIN_PASSWORD=changeme
INFLUXDB_ADMIN_USER=admin
INFLUXDB_BUCKET=my-bucket
INFLUXDB_HTTP_BIND_ADDRESS=:8086
INFLUXDB_ORG=my-org
INFLUXDB_RETENTION=0
INFLUX_BASE_IMAGE=influxdb:3-core
INFLUX_HOST=influxdb
INFLUX_ORG=my-org
INFLUX_PORT=8181
INFLUX_TOKEN=apiv3_xp0-2jegswmf3plsfr71FudYytlqLgRDwNm7f_MSsrsIpQBctxUrQ1uflxL5WvO1Hm1UhQ2yNhPcEAU3mRLpZQ
MEASUREMENTS=cpu_temp,pressure,humidity
PARALLEL_CLIENTS=10
PATH=/usr/local/sbin:/usr/local/bin:/usr/sbin:/usr/bin:/sbin:/bin
POINTS=10000
PWD=/app
REPORT_NAME=run
SCENARIO=small_ordered_same_ts
SCENARIO_MATRIX_PATH=/app/config/scenario_matrix.yaml
SERIES_MULTIPLIER=10
SHLVL=0
TAGS=site=lab,host=testnode
TIMESTAMP_SPAN_SEC=3600
WORKLOAD_LOG_DIR=/logs/workload
APP_UID=1654
ASPNETCORE_HTTP_PORTS=8080
BATCH_SIZE=5000
DOTNET_RUNNING_IN_CONTAINER=true
DOTNET_SYSTEM_GLOBALIZATION_INVARIANT=1
DOTNET_VERSION=8.0.18
DURATION_SEC=3600
HOME=/home/worker
HOSTNAME=abd7ca1b18e7
INFLUXDB_3_ADMIN_TOKEN=admin-token
INFLUXDB_ADMIN_PASSWORD=changeme
INFLUXDB_ADMIN_USER=admin
INFLUXDB_BUCKET=my-bucket
INFLUXDB_HTTP_BIND_ADDRESS=:8086
INFLUXDB_ORG=my-org
INFLUXDB_RETENTION=0
INFLUX_BASE_IMAGE=influxdb:3-core
INFLUX_HOST=proxy
INFLUX_ORG=my-org
INFLUX_PORT=8182
INFLUX_TOKEN=apiv3_xp0-2jegswmf3plsfr71FudYytlqLgRDwNm7f_MSsrsIpQBctxUrQ1uflxL5WvO1Hm1UhQ2yNhPcEAU3mRLpZQ
MEASUREMENTS=cpu_temp,pressure,humidity
PARALLEL_CLIENTS=10
PATH=/usr/local/sbin:/usr/local/bin:/usr/sbin:/usr/bin:/sbin:/bin
POINTS=10000000
PWD=/app
REPORT_NAME=run
SCENARIO=large_ordered_diff_ts
SCENARIO_MATRIX_PATH=/app/config/scenario_matrix.yaml
SERIES_MULTIPLIER=10
SHLVL=0
TAGS=site=lab,host=testnode
TIMESTAMP_SPAN_SEC=3600
WORKLOAD_LOG_DIR=/logs/workload
APP_UID=1654
ASPNETCORE_HTTP_PORTS=8080
BATCH_SIZE=5000
DOTNET_RUNNING_IN_CONTAINER=true
DOTNET_SYSTEM_GLOBALIZATION_INVARIANT=1
DOTNET_VERSION=8.0.18
DURATION_SEC=3600
HOME=/home/worker
HOSTNAME=abd7ca1b18e7
INFLUXDB_3_ADMIN_TOKEN=admin-token
INFLUXDB_ADMIN_PASSWORD=changeme
INFLUXDB_ADMIN_USER=admin
INFLUXDB_BUCKET=my-bucket
INFLUXDB_HTTP_BIND_ADDRESS=:8086
INFLUXDB_ORG=my-org
INFLUXDB_RETENTION=0
INFLUX_BASE_IMAGE=influxdb:3-core
INFLUX_HOST=proxy
INFLUX_ORG=my-org
INFLUX_PORT=8182
INFLUX_TOKEN=apiv3_xp0-2jegswmf3plsfr71FudYytlqLgRDwNm7f_MSsrsIpQBctxUrQ1uflxL5WvO1Hm1UhQ2yNhPcEAU3mRLpZQ
MEASUREMENTS=cpu_temp,pressure,humidity
PARALLEL_CLIENTS=10
PATH=/usr/local/sbin:/usr/local/bin:/usr/sbin:/usr/bin:/sbin:/bin
POINTS=10000000
PWD=/app
REPORT_NAME=run
SCENARIO=large_ordered_diff_ts
SCENARIO_MATRIX_PATH=/app/config/scenario_matrix.yaml
SERIES_MULTIPLIER=10
SHLVL=0
TAGS=site=lab,host=testnode
TIMESTAMP_SPAN_SEC=3600
WORKLOAD_LOG_DIR=/logs/workload
APP_UID=1654
ASPNETCORE_HTTP_PORTS=8080
BATCH_SIZE=5000
DOTNET_RUNNING_IN_CONTAINER=true
DOTNET_SYSTEM_GLOBALIZATION_INVARIANT=1
DOTNET_VERSION=8.0.18
DURATION_SEC=3600
HOME=/home/worker
HOSTNAME=abd7ca1b18e7
INFLUXDB_3_ADMIN_TOKEN=admin-token
INFLUXDB_ADMIN_PASSWORD=changeme
INFLUXDB_ADMIN_USER=admin
INFLUXDB_BUCKET=my-bucket
INFLUXDB_HTTP_BIND_ADDRESS=:8086
INFLUXDB_ORG=my-org
INFLUXDB_RETENTION=0
INFLUX_BASE_IMAGE=influxdb:3-core
INFLUX_HOST=proxy
INFLUX_ORG=my-org
INFLUX_PORT=8182
INFLUX_TOKEN=apiv3_xp0-2jegswmf3plsfr71FudYytlqLgRDwNm7f_MSsrsIpQBctxUrQ1uflxL5WvO1Hm1UhQ2yNhPcEAU3mRLpZQ
MEASUREMENTS=cpu_temp,pressure,humidity
PARALLEL_CLIENTS=10
PATH=/usr/local/sbin:/usr/local/bin:/usr/sbin:/usr/bin:/sbin:/bin
POINTS=10000000
PWD=/app
REPORT_NAME=run
SCENARIO=large_ordered_diff_ts
SCENARIO_MATRIX_PATH=/app/config/scenario_matrix.yaml
SERIES_MULTIPLIER=10
SHLVL=0
TAGS=site=lab,host=testnode
TIMESTAMP_SPAN_SEC=3600
WORKLOAD_LOG_DIR=/logs/workload
