[entrypoint.sh] Starting Workload container at Wed Oct  8 07:38:44 UTC 2025
-rw-r--r-- 1 worker worker 55296 Oct  8 07:38 /app/Workload.dll
[entrypoint.sh] Valid DURATION_SEC: 0
[entrypoint.sh] Valid BATCH_SIZE: 1000
[entrypoint.sh] Valid INFLUX_PORT: 8086
[entrypoint.sh] Valid POINTS: 200000
[entrypoint.sh] Valid TIMESTAMP_SPAN_SEC: 0
[entrypoint.sh] Valid PARALLEL_CLIENTS: 4
[entrypoint.sh] Valid SERIES_MULTIPLIER: 50
[entrypoint.sh] ENV VARS:
TAGS=site=lab,host=testnode
POINTS=200000
INFLUXDB_ORG=my-org
INFLUXDB_ADMIN_PASSWORD=changeme
INFLUXDB_BUCKET=my-bucket
INFLUXDB_HTTP_BIND_ADDRESS=:8086
SCENARIO=large_simul_same_ts
INFLUX_BUCKET=my-bucket
MEASUREMENTS=cpu_temp,pressure,humidity
TIMESTAMP_SPAN_SEC=0
REPORT_NAME=run
INFLUX_PORT=8086
INFLUX_BASE_IMAGE=influxdb:3-core
WORKLOAD_LOG_DIR=/logs/workload
SCENARIO_MATRIX_PATH=/app/config/scenario_matrix.yaml
INFLUX_ORG=my-org
INFLUXDB_ADMIN_USER=admin
INFLUXDB_RETENTION=0
INFLUX_TOKEN={"token":"apiv3_testtoken123","name":"_admin"}
PARALLEL_CLIENTS=4
INFLUXDB_3_ADMIN_TOKEN=apiv3_testtoken123
SERIES_MULTIPLIER=50
BATCH_SIZE=1000
POINTS_PER_REQUEST=250
DURATION_SEC=0
INFLUX_HOST=influxdb
[entrypoint.sh] Waiting for InfluxDB at http://influxdb:8086/health (up to 60 s)
[entrypoint.sh] InfluxDB health responded: 200
[entrypoint.sh] Loaded INFLUX_TOKEN from /run/influx_token
[entrypoint.sh] Waiting for TCP influxdb:8086 (up to 60 s)
[entrypoint.sh] TCP influxdb:8086 is reachable
[entrypoint.sh] Running: dotnet /app/Workload.dll /entrypoint.sh
[entrypoint.sh] Listing /logs/workload before workload execution:
total 9968
-rw-r--r-- 1 worker worker 3825695 Oct  7 06:14 batches_20251007T060845Z.csv
-rw-r--r-- 1 worker worker  758851 Oct  7 08:54 batches_20251007T085346Z.csv
-rw-r--r-- 1 worker worker 5274032 Oct  7 09:12 batches_20251007T090904Z.csv
-rw-r--r-- 1 worker worker     255 Oct  7 12:10 batches_20251007T120623Z.csv
-rw-r--r-- 1 worker worker     111 Oct  7 12:13 batches_20251007T121221Z.csv
-rw-r--r-- 1 worker worker     831 Oct  7 12:32 batches_20251007T121653Z.csv
-rw-r--r-- 1 worker worker     914 Oct  7 12:32 batches_20251007T121654Z.csv
-rw-r--r-- 1 worker worker    1071 Oct  7 19:38 batches_20251007T123319Z.csv
-rw-r--r-- 1 worker worker    1422 Oct  7 20:03 batches_20251007T200106Z.csv
-rw-r--r-- 1 worker worker      63 Oct  7 20:04 batches_20251007T200416Z.csv
-rw-r--r-- 1 worker worker     819 Oct  7 20:10 batches_20251007T200851Z.csv
-rw-r--r-- 1 worker worker      63 Oct  7 20:10 batches_20251007T201034Z.csv
-rw-r--r-- 1 worker worker      63 Oct  7 20:28 batches_20251007T202842Z.csv
-rw-r--r-- 1 worker worker      63 Oct  7 20:34 batches_20251007T203407Z.csv
-rw-r--r-- 1 worker worker      63 Oct  7 20:44 batches_20251007T204409Z.csv
-rw-r--r-- 1 worker worker      63 Oct  8 07:07 batches_20251008T070725Z.csv
-rw-r--r-- 1 worker worker      63 Oct  8 07:14 batches_20251008T071429Z.csv
-rw-r--r-- 1 worker worker      63 Oct  8 07:15 batches_20251008T071511Z.csv
-rw-r--r-- 1 worker worker    1577 Oct  8 07:38 entrypoint_debug.log
-rw-r--r-- 1 worker worker  211046 Oct  8 07:15 environment_variables.log
-rw-r--r-- 1 worker worker     664 Oct  8 07:15 run.csv
-rw-r--r-- 1 worker worker    4179 Oct  8 07:15 workload_stdout.log
