time="2025-10-07T23:44:08+03:00" level=warning msg="/Users/osamaalabaji/influxdb_3_measurement-lab-docker/docker-compose.tuned.yml: the attribute `version` is obsolete, it will be ignored, please remove it to avoid potential confusion"
#1 [internal] load local bake definitions
#1 reading from stdin 637B done
#1 DONE 0.0s

#2 [internal] load build definition from Dockerfile
#2 transferring dockerfile:
#2 transferring dockerfile: 1.24kB done
#2 DONE 0.0s

#3 [internal] load metadata for mcr.microsoft.com/dotnet/sdk:8.0
#3 ...

#4 [internal] load metadata for mcr.microsoft.com/dotnet/runtime:8.0
#4 DONE 0.5s

#3 [internal] load metadata for mcr.microsoft.com/dotnet/sdk:8.0
#3 DONE 0.5s

#5 [internal] load .dockerignore
#5 transferring context: 2B done
#5 DONE 0.0s

#6 [stage-1 1/9] FROM mcr.microsoft.com/dotnet/runtime:8.0@sha256:e9aabde56bb3e55d416d4e926032af75fed831da70bb428d556120ee2649f8b0
#6 resolve mcr.microsoft.com/dotnet/runtime:8.0@sha256:e9aabde56bb3e55d416d4e926032af75fed831da70bb428d556120ee2649f8b0 done
#6 DONE 0.0s

#7 [build 1/7] FROM mcr.microsoft.com/dotnet/sdk:8.0@sha256:ff8311847c54c04d1a14c488362807997d59b61372da5095a95f89cbcda7f9b7
#7 resolve mcr.microsoft.com/dotnet/sdk:8.0@sha256:ff8311847c54c04d1a14c488362807997d59b61372da5095a95f89cbcda7f9b7 0.0s done
#7 DONE 0.0s

#8 [internal] load build context
#8 transferring context: 359B done
#8 DONE 0.0s

#9 [stage-1 8/9] COPY entrypoint.sh /entrypoint.sh
#9 CACHED

#10 [build 3/7] COPY Workload.csproj ./
#10 CACHED

#11 [stage-1 7/9] COPY config/ /app/config/
#11 CACHED

#12 [stage-1 4/9] RUN mkdir -p /app/config
#12 CACHED

#13 [stage-1 5/9] RUN groupadd -g 1000 worker &&     useradd -u 1000 -g 1000 -m worker &&     mkdir -p /logs/workload &&     chown worker:worker /logs/workload
#13 CACHED

#14 [stage-1 6/9] COPY --from=build /app/publish/ ./
#14 CACHED

#15 [build 6/7] COPY config/ ./config/
#15 CACHED

#16 [stage-1 2/9] WORKDIR /app
#16 CACHED

#17 [stage-1 3/9] RUN apt-get update && apt-get install -y --no-install-recommends curl ca-certificates && rm -rf /var/lib/apt/lists/*
#17 CACHED

#18 [build 4/7] RUN dotnet restore
#18 CACHED

#19 [build 7/7] RUN dotnet publish -c Release -o /app/publish
#19 CACHED

#20 [build 2/7] WORKDIR /src
#20 CACHED

#21 [build 5/7] COPY src/ ./src/
#21 CACHED

#22 [stage-1 9/9] RUN sed -i 's/\r$//' /entrypoint.sh &&     chmod 755 /entrypoint.sh &&     chown worker:worker /entrypoint.sh &&     chown -R 1000:1000 /app
#22 CACHED

#23 exporting to image
#23 exporting layers done
#23 exporting manifest sha256:69a0c6807ec8d6568ba7043506cd5977bc387796e36236f5e2dd00101f2ff477 done
#23 exporting config sha256:dca291801526be9f1bacf0a35057c2c3c72932dda4663b346a33d7911aef9fcd done
#23 exporting attestation manifest sha256:f2f6892ae5540b1e2b0d606764788645c80a61f49bd1fb3c65307953b46370cd done
#23 exporting manifest list sha256:f1a6e5d2b670a2b4a80c6fc4e405df257b8b7add8f0530478a347cd9f73fa575 done
#23 naming to docker.io/library/influxdb_3_measurement-lab-docker-workload:latest done
#23 unpacking to docker.io/library/influxdb_3_measurement-lab-docker-workload:latest done
#23 DONE 0.0s

#24 resolving provenance for metadata file
#24 DONE 0.0s
 influxdb_3_measurement-lab-docker-workload  Built
 Container workload  Recreate
 Container workload  Recreated
 Container workload  Starting
 Container workload  Started
